<testsuites name="ASH Scan Report"><testsuite name="bandit" tests="1" errors="1" failures="0" skipped="0" time="0"><testcase name="Use of possibly insecure function - consider using safer ast.literal_eval. [B307]" classname="B307"><error message="Use of possibly insecure function - consider using safer ast.literal_eval." type="error" /><system-out>tags: ['bandit']
issue_confidence: HIGH
issue_severity: MEDIUM
scanner_name: bandit
scanner_version: 3.5.4
scanner_details: {'tool_name': 'bandit', 'tool_version': '3.5.4', 'tool_invocation': {'start_time': '2026-07-07T08:50:08.719909+00:00', 'end_time': '2026-07-07T08:50:13.129375+00:00'}}</system-out></testcase></testsuite><testsuite name="grype" tests="18" errors="18" failures="0" skipped="0" time="0"><testcase name="A high vulnerability in python package: flask, version 0.12.0 was found at: D:/Dhanush/Custom_Agents/ash-security-platform-test/ash-security-platform-test/\requirements.txt [GHSA-562c-5r94-xh97-flask]" classname="GHSA-562c-5r94-xh97-flask"><error message="A high vulnerability in python package: flask, version 0.12.0 was found at: D:/Dhanush/Custom_Agents/ash-security-platform-test/ash-security-platform-test/\requirements.txt" type="error" /><system-out>tags: ['grype']
scanner_name: grype
scanner_version: 3.5.4
scanner_details: {'tool_name': 'grype', 'tool_version': '3.5.4', 'tool_invocation': {'start_time': '2026-07-07T08:50:09.357143+00:00', 'end_time': '2026-07-07T08:50:26.092189+00:00'}}</system-out></testcase><testcase name="A high vulnerability in python package: urllib3, version 1.24 was found at: D:/Dhanush/Custom_Agents/ash-security-platform-test/ash-security-platform-test/\requirements.txt [GHSA-mh33-7rrq-662w-urllib3]" classname="GHSA-mh33-7rrq-662w-urllib3"><error message="A high vulnerability in python package: urllib3, version 1.24 was found at: D:/Dhanush/Custom_Agents/ash-security-platform-test/ash-security-platform-test/\requirements.txt" type="error" /><system-out>tags: ['grype']
scanner_name: grype
scanner_version: 3.5.4
scanner_details: {'tool_name': 'grype', 'tool_version': '3.5.4', 'tool_invocation': {'start_time': '2026-07-07T08:50:09.357143+00:00', 'end_time': '2026-07-07T08:50:26.092189+00:00'}}</system-out></testcase><testcase name="A high vulnerability in python package: urllib3, version 1.24 was found at: D:/Dhanush/Custom_Agents/ash-security-platform-test/ash-security-platform-test/\requirements.txt [GHSA-38jv-5279-wg99-urllib3]" classname="GHSA-38jv-5279-wg99-urllib3"><error message="A high vulnerability in python package: urllib3, version 1.24 was found at: D:/Dhanush/Custom_Agents/ash-security-platform-test/ash-security-platform-test/\requirements.txt" type="error" /><system-out>tags: ['grype']
scanner_name: grype
scanner_version: 3.5.4
scanner_details: {'tool_name': 'grype', 'tool_version': '3.5.4', 'tool_invocation': {'start_time': '2026-07-07T08:50:09.357143+00:00', 'end_time': '2026-07-07T08:50:26.092189+00:00'}}</system-out></testcase><testcase name="A high vulnerability in python package: flask, version 0.12.0 was found at: D:/Dhanush/Custom_Agents/ash-security-platform-test/ash-security-platform-test/\requirements.txt [GHSA-5wv5-4vpf-pj6m-flask]" classname="GHSA-5wv5-4vpf-pj6m-flask"><error message="A high vulnerability in python package: flask, version 0.12.0 was found at: D:/Dhanush/Custom_Agents/ash-security-platform-test/ash-security-platform-test/\requirements.txt" type="error" /><system-out>tags: ['grype']
scanner_name: grype
scanner_version: 3.5.4
scanner_details: {'tool_name': 'grype', 'tool_version': '3.5.4', 'tool_invocation': {'start_time': '2026-07-07T08:50:09.357143+00:00', 'end_time': '2026-07-07T08:50:26.092189+00:00'}}</system-out></testcase><testcase name="A medium vulnerability in python package: urllib3, version 1.24 was found at: D:/Dhanush/Custom_Agents/ash-security-platform-test/ash-security-platform-test/\requirements.txt [GHSA-wqvq-5m8c-6g24-urllib3]" classname="GHSA-wqvq-5m8c-6g24-urllib3"><error message="A medium vulnerability in python package: urllib3, version 1.24 was found at: D:/Dhanush/Custom_Agents/ash-security-platform-test/ash-security-platform-test/\requirements.txt" type="error" /><system-out>tags: ['grype']
scanner_name: grype
scanner_version: 3.5.4
scanner_details: {'tool_name': 'grype', 'tool_version': '3.5.4', 'tool_invocation': {'start_time': '2026-07-07T08:50:09.357143+00:00', 'end_time': '2026-07-07T08:50:26.092189+00:00'}}</system-out></testcase><testcase name="A medium vulnerability in python package: urllib3, version 1.24 was found at: D:/Dhanush/Custom_Agents/ash-security-platform-test/ash-security-platform-test/\requirements.txt [GHSA-r64q-w8jr-g9qp-urllib3]" classname="GHSA-r64q-w8jr-g9qp-urllib3"><error message="A medium vulnerability in python package: urllib3, version 1.24 was found at: D:/Dhanush/Custom_Agents/ash-security-platform-test/ash-security-platform-test/\requirements.txt" type="error" /><system-out>tags: ['grype']
scanner_name: grype
scanner_version: 3.5.4
scanner_details: {'tool_name': 'grype', 'tool_version': '3.5.4', 'tool_invocation': {'start_time': '2026-07-07T08:50:09.357143+00:00', 'end_time': '2026-07-07T08:50:26.092189+00:00'}}</system-out></testcase><testcase name="A high vulnerability in python package: flask, version 0.12.0 was found at: D:/Dhanush/Custom_Agents/ash-security-platform-test/ash-security-platform-test/\requirements.txt [GHSA-m2qf-hxjv-5gpq-flask]" classname="GHSA-m2qf-hxjv-5gpq-flask"><error message="A high vulnerability in python package: flask, version 0.12.0 was found at: D:/Dhanush/Custom_Agents/ash-security-platform-test/ash-security-platform-test/\requirements.txt" type="error" /><system-out>tags: ['grype']
scanner_name: grype
scanner_version: 3.5.4
scanner_details: {'tool_name': 'grype', 'tool_version': '3.5.4', 'tool_invocation': {'start_time': '2026-07-07T08:50:09.357143+00:00', 'end_time': '2026-07-07T08:50:26.092189+00:00'}}</system-out></testcase><testcase name="A high vulnerability in python package: urllib3, version 1.24 was found at: D:/Dhanush/Custom_Agents/ash-security-platform-test/ash-security-platform-test/\requirements.txt [GHSA-v845-jxx5-vc9f-urllib3]" classname="GHSA-v845-jxx5-vc9f-urllib3"><error message="A high vulnerability in python package: urllib3, version 1.24 was found at: D:/Dhanush/Custom_Agents/ash-security-platform-test/ash-security-platform-test/\requirements.txt" type="error" /><system-out>tags: ['grype']
scanner_name: grype
scanner_version: 3.5.4
scanner_details: {'tool_name': 'grype', 'tool_version': '3.5.4', 'tool_invocation': {'start_time': '2026-07-07T08:50:09.357143+00:00', 'end_time': '2026-07-07T08:50:26.092189+00:00'}}</system-out></testcase><testcase name="A medium vulnerability in python package: urllib3, version 1.24 was found at: D:/Dhanush/Custom_Agents/ash-security-platform-test/ash-security-platform-test/\requirements.txt [GHSA-34jh-p97f-mpxf-urllib3]" classname="GHSA-34jh-p97f-mpxf-urllib3"><error message="A medium vulnerability in python package: urllib3, version 1.24 was found at: D:/Dhanush/Custom_Agents/ash-security-platform-test/ash-security-platform-test/\requirements.txt" type="error" /><system-out>tags: ['grype']
scanner_name: grype
scanner_version: 3.5.4
scanner_details: {'tool_name': 'grype', 'tool_version': '3.5.4', 'tool_invocation': {'start_time': '2026-07-07T08:50:09.357143+00:00', 'end_time': '2026-07-07T08:50:26.092189+00:00'}}</system-out></testcase><testcase name="A high vulnerability in python package: urllib3, version 1.24 was found at: D:/Dhanush/Custom_Agents/ash-security-platform-test/ash-security-platform-test/\requirements.txt [GHSA-gm62-xv2j-4w53-urllib3]" classname="GHSA-gm62-xv2j-4w53-urllib3"><error message="A high vulnerability in python package: urllib3, version 1.24 was found at: D:/Dhanush/Custom_Agents/ash-security-platform-test/ash-security-platform-test/\requirements.txt" type="error" /><system-out>tags: ['grype']
scanner_name: grype
scanner_version: 3.5.4
scanner_details: {'tool_name': 'grype', 'tool_version': '3.5.4', 'tool_invocation': {'start_time': '2026-07-07T08:50:09.357143+00:00', 'end_time': '2026-07-07T08:50:26.092189+00:00'}}</system-out></testcase><testcase name="A high vulnerability in python package: urllib3, version 1.24 was found at: D:/Dhanush/Custom_Agents/ash-security-platform-test/ash-security-platform-test/\requirements.txt [GHSA-2xpw-w6gg-jr37-urllib3]" classname="GHSA-2xpw-w6gg-jr37-urllib3"><error message="A high vulnerability in python package: urllib3, version 1.24 was found at: D:/Dhanush/Custom_Agents/ash-security-platform-test/ash-security-platform-test/\requirements.txt" type="error" /><system-out>tags: ['grype']
scanner_name: grype
scanner_version: 3.5.4
scanner_details: {'tool_name': 'grype', 'tool_version': '3.5.4', 'tool_invocation': {'start_time': '2026-07-07T08:50:09.357143+00:00', 'end_time': '2026-07-07T08:50:26.092189+00:00'}}</system-out></testcase><testcase name="A medium vulnerability in python package: requests, version 2.32.0 was found at: D:/Dhanush/Custom_Agents/ash-security-platform-test/ash-security-platform-test/\requirements.txt [GHSA-9hjg-9r4m-mvj7-requests]" classname="GHSA-9hjg-9r4m-mvj7-requests"><error message="A medium vulnerability in python package: requests, version 2.32.0 was found at: D:/Dhanush/Custom_Agents/ash-security-platform-test/ash-security-platform-test/\requirements.txt" type="error" /><system-out>tags: ['grype']
scanner_name: grype
scanner_version: 3.5.4
scanner_details: {'tool_name': 'grype', 'tool_version': '3.5.4', 'tool_invocation': {'start_time': '2026-07-07T08:50:09.357143+00:00', 'end_time': '2026-07-07T08:50:26.092189+00:00'}}</system-out></testcase><testcase name="A high vulnerability in python package: urllib3, version 1.24 was found at: D:/Dhanush/Custom_Agents/ash-security-platform-test/ash-security-platform-test/\requirements.txt [GHSA-qccp-gfcp-xxvc-urllib3]" classname="GHSA-qccp-gfcp-xxvc-urllib3"><error message="A high vulnerability in python package: urllib3, version 1.24 was found at: D:/Dhanush/Custom_Agents/ash-security-platform-test/ash-security-platform-test/\requirements.txt" type="error" /><system-out>tags: ['grype']
scanner_name: grype
scanner_version: 3.5.4
scanner_details: {'tool_name': 'grype', 'tool_version': '3.5.4', 'tool_invocation': {'start_time': '2026-07-07T08:50:09.357143+00:00', 'end_time': '2026-07-07T08:50:26.092189+00:00'}}</system-out></testcase><testcase name="A medium vulnerability in python package: urllib3, version 1.24 was found at: D:/Dhanush/Custom_Agents/ash-security-platform-test/ash-security-platform-test/\requirements.txt [GHSA-gwvm-45gx-3cf8-urllib3]" classname="GHSA-gwvm-45gx-3cf8-urllib3"><error message="A medium vulnerability in python package: urllib3, version 1.24 was found at: D:/Dhanush/Custom_Agents/ash-security-platform-test/ash-security-platform-test/\requirements.txt" type="error" /><system-out>tags: ['grype']
scanner_name: grype
scanner_version: 3.5.4
scanner_details: {'tool_name': 'grype', 'tool_version': '3.5.4', 'tool_invocation': {'start_time': '2026-07-07T08:50:09.357143+00:00', 'end_time': '2026-07-07T08:50:26.092189+00:00'}}</system-out></testcase><testcase name="A medium vulnerability in python package: urllib3, version 1.24 was found at: D:/Dhanush/Custom_Agents/ash-security-platform-test/ash-security-platform-test/\requirements.txt [GHSA-g4mx-q9vg-27p4-urllib3]" classname="GHSA-g4mx-q9vg-27p4-urllib3"><error message="A medium vulnerability in python package: urllib3, version 1.24 was found at: D:/Dhanush/Custom_Agents/ash-security-platform-test/ash-security-platform-test/\requirements.txt" type="error" /><system-out>tags: ['grype']
scanner_name: grype
scanner_version: 3.5.4
scanner_details: {'tool_name': 'grype', 'tool_version': '3.5.4', 'tool_invocation': {'start_time': '2026-07-07T08:50:09.357143+00:00', 'end_time': '2026-07-07T08:50:26.092189+00:00'}}</system-out></testcase><testcase name="A medium vulnerability in python package: urllib3, version 1.24 was found at: D:/Dhanush/Custom_Agents/ash-security-platform-test/ash-security-platform-test/\requirements.txt [GHSA-pq67-6m6q-mj2v-urllib3]" classname="GHSA-pq67-6m6q-mj2v-urllib3"><error message="A medium vulnerability in python package: urllib3, version 1.24 was found at: D:/Dhanush/Custom_Agents/ash-security-platform-test/ash-security-platform-test/\requirements.txt" type="error" /><system-out>tags: ['grype']
scanner_name: grype
scanner_version: 3.5.4
scanner_details: {'tool_name': 'grype', 'tool_version': '3.5.4', 'tool_invocation': {'start_time': '2026-07-07T08:50:09.357143+00:00', 'end_time': '2026-07-07T08:50:26.092189+00:00'}}</system-out></testcase><testcase name="A low vulnerability in python package: flask, version 0.12.0 was found at: D:/Dhanush/Custom_Agents/ash-security-platform-test/ash-security-platform-test/\requirements.txt [GHSA-68rp-wp8r-4726-flask]" classname="GHSA-68rp-wp8r-4726-flask"><error message="A low vulnerability in python package: flask, version 0.12.0 was found at: D:/Dhanush/Custom_Agents/ash-security-platform-test/ash-security-platform-test/\requirements.txt" type="error" /><system-out>tags: ['grype']
scanner_name: grype
scanner_version: 3.5.4
scanner_details: {'tool_name': 'grype', 'tool_version': '3.5.4', 'tool_invocation': {'start_time': '2026-07-07T08:50:09.357143+00:00', 'end_time': '2026-07-07T08:50:26.092189+00:00'}}</system-out></testcase><testcase name="A medium vulnerability in python package: requests, version 2.32.0 was found at: D:/Dhanush/Custom_Agents/ash-security-platform-test/ash-security-platform-test/\requirements.txt [GHSA-gc5v-m9x4-r6x2-requests]" classname="GHSA-gc5v-m9x4-r6x2-requests"><error message="A medium vulnerability in python package: requests, version 2.32.0 was found at: D:/Dhanush/Custom_Agents/ash-security-platform-test/ash-security-platform-test/\requirements.txt" type="error" /><system-out>tags: ['grype']
scanner_name: grype
scanner_version: 3.5.4
scanner_details: {'tool_name': 'grype', 'tool_version': '3.5.4', 'tool_invocation': {'start_time': '2026-07-07T08:50:09.357143+00:00', 'end_time': '2026-07-07T08:50:26.092189+00:00'}}</system-out></testcase></testsuite></testsuites>